<?xml version="1.0" encoding="UTF-8" ?>
<testsuite tests="6" failures="0" name="com.espark.adarsh.SpringAopTest" time="0.019" errors="0" skipped="0">
  <properties>
[...]
</properties>
  <testcase classname="com.espark.adarsh.SpringAopTest" name="deleteEmployee" time="0.014"/>
  <testcase classname="com.espark.adarsh.SpringAopTest" name="saveEmployees" time="0.001"/>
  <testcase classname="com.espark.adarsh.SpringAopTest" name="saveEmployee" time="0.002"/>
  <testcase classname="com.espark.adarsh.SpringAopTest" name="updateEmployee" time="0"/>
  <testcase classname="com.espark.adarsh.SpringAopTest" name="selectEmployees" time="0.001"/>
  <testcase classname="com.espark.adarsh.SpringAopTest" name="selectEmployee" time="0.001"/>
</testsuite>